<?xml version="1.0" encoding="UTF-8"?>
<testng-results ignored="0" total="1" passed="0" failed="1" skipped="0">
  <reporter-output>
  </reporter-output>
  <suite started-at="2025-03-19T23:05:13 GMT-07:00" name="Suite" finished-at="2025-03-19T23:05:19 GMT-07:00" duration-ms="5359">
    <groups>
    </groups>
    <test started-at="2025-03-19T23:05:13 GMT-07:00" name="Test" finished-at="2025-03-19T23:05:19 GMT-07:00" duration-ms="5359">
      <class name="com.guru99.tests.LoginTest">
        <test-method is-config="true" signature="preSetUp()[pri:0, instance:com.guru99.tests.LoginTest@306f16f3]" started-at="2025-03-19T23:05:13 GMT-07:00" name="preSetUp" finished-at="2025-03-19T23:05:13 GMT-07:00" duration-ms="259" status="PASS">
          <reporter-output>
          </reporter-output>
        </test-method> <!-- preSetUp -->
        <test-method is-config="true" signature="setUp()[pri:0, instance:com.guru99.tests.LoginTest@306f16f3]" started-at="2025-03-19T23:05:13 GMT-07:00" name="setUp" finished-at="2025-03-19T23:05:17 GMT-07:00" duration-ms="3823" status="PASS">
          <reporter-output>
          </reporter-output>
        </test-method> <!-- setUp -->
        <test-method signature="loginWithCorrectCred(java.lang.String, java.lang.String)[pri:0, instance:com.guru99.tests.LoginTest@306f16f3]" started-at="2025-03-19T23:05:17 GMT-07:00" name="loginWithCorrectCred" finished-at="2025-03-19T23:05:18 GMT-07:00" duration-ms="1054" status="FAIL">
          <params>
            <param index="0">
              <value>
                <![CDATA[mngr616547]]>
              </value>
            </param>
            <param index="1">
              <value>
                <![CDATA[rejUpyj]]>
              </value>
            </param>
          </params>
          <exception class="java.lang.AssertionError">
            <message>
              <![CDATA[expected [GTPL Bank Home age] but found [GTPL Bank Manager HomePage]]]>
            </message>
            <full-stacktrace>
              <![CDATA[java.lang.AssertionError: expected [GTPL Bank Home age] but found [GTPL Bank Manager HomePage]
at org.testng.Assert.fail(Assert.java:97)
at org.testng.Assert.assertEqualsImpl(Assert.java:136)
at org.testng.Assert.assertEquals(Assert.java:118)
at org.testng.Assert.assertEquals(Assert.java:575)
at org.testng.Assert.assertEquals(Assert.java:585)
at com.guru99.tests.LoginTest.loginWithCorrectCred(LoginTest.java:22)
at java.base/jdk.internal.reflect.NativeMethodAccessorImpl.invoke0(Native Method)
at java.base/jdk.internal.reflect.NativeMethodAccessorImpl.invoke(NativeMethodAccessorImpl.java:77)
at java.base/jdk.internal.reflect.DelegatingMethodAccessorImpl.invoke(DelegatingMethodAccessorImpl.java:43)
at java.base/java.lang.reflect.Method.invoke(Method.java:568)
at org.testng.internal.MethodInvocationHelper.invokeMethod(MethodInvocationHelper.java:134)
at org.testng.internal.TestInvoker.invokeMethod(TestInvoker.java:597)
at org.testng.internal.TestInvoker.invokeTestMethod(TestInvoker.java:173)
at org.testng.internal.MethodRunner.runInSequence(MethodRunner.java:46)
at org.testng.internal.TestInvoker$MethodInvocationAgent.invoke(TestInvoker.java:816)
at org.testng.internal.TestInvoker.invokeTestMethods(TestInvoker.java:146)
at org.testng.internal.TestMethodWorker.invokeTestMethods(TestMethodWorker.java:146)
at org.testng.internal.TestMethodWorker.run(TestMethodWorker.java:128)
at java.base/java.util.ArrayList.forEach(ArrayList.java:1511)
at org.testng.TestRunner.privateRun(TestRunner.java:766)
at org.testng.TestRunner.run(TestRunner.java:587)
at org.testng.SuiteRunner.runTest(SuiteRunner.java:384)
at org.testng.SuiteRunner.runSequentially(SuiteRunner.java:378)
at org.testng.SuiteRunner.privateRun(SuiteRunner.java:337)
at org.testng.SuiteRunner.run(SuiteRunner.java:286)
at org.testng.SuiteRunnerWorker.runSuite(SuiteRunnerWorker.java:53)
at org.testng.SuiteRunnerWorker.run(SuiteRunnerWorker.java:96)
at org.testng.TestNG.runSuitesSequentially(TestNG.java:1187)
at org.testng.TestNG.runSuitesLocally(TestNG.java:1109)
at org.testng.TestNG.runSuites(TestNG.java:1039)
at org.testng.TestNG.run(TestNG.java:1007)
at org.testng.remote.AbstractRemoteTestNG.run(AbstractRemoteTestNG.java:115)
at org.testng.remote.RemoteTestNG.initAndRun(RemoteTestNG.java:293)
at org.testng.remote.RemoteTestNG.main(RemoteTestNG.java:91)
]]>
            </full-stacktrace>
          </exception> <!-- java.lang.AssertionError -->
          <reporter-output>
          </reporter-output>
        </test-method> <!-- loginWithCorrectCred -->
        <test-method is-config="true" signature="postTestAction(org.testng.ITestResult)[pri:0, instance:com.guru99.tests.LoginTest@306f16f3]" started-at="2025-03-19T23:05:18 GMT-07:00" name="postTestAction" finished-at="2025-03-19T23:05:18 GMT-07:00" duration-ms="176" status="PASS">
          <params>
            <param index="0">
              <value>
                <![CDATA[[TestResult name=loginWithCorrectCred status=FAILURE method=LoginTest.loginWithCorrectCred(java.lang.String, java.lang.String)[pri:0, instance:com.guru99.tests.LoginTest@306f16f3] output={null}]]]>
              </value>
            </param>
          </params>
          <reporter-output>
          </reporter-output>
        </test-method> <!-- postTestAction -->
        <test-method is-config="true" signature="tearDown()[pri:0, instance:com.guru99.tests.LoginTest@306f16f3]" started-at="2025-03-19T23:05:18 GMT-07:00" name="tearDown" finished-at="2025-03-19T23:05:19 GMT-07:00" duration-ms="276" status="PASS">
          <reporter-output>
          </reporter-output>
        </test-method> <!-- tearDown -->
        <test-method is-config="true" signature="postTearDown()[pri:0, instance:com.guru99.tests.LoginTest@306f16f3]" started-at="2025-03-19T23:05:19 GMT-07:00" name="postTearDown" finished-at="2025-03-19T23:05:19 GMT-07:00" duration-ms="242" status="PASS">
          <reporter-output>
          </reporter-output>
        </test-method> <!-- postTearDown -->
      </class> <!-- com.guru99.tests.LoginTest -->
    </test> <!-- Test -->
  </suite> <!-- Suite -->
</testng-results>
